<?xml version="1.0" encoding="UTF-8"?>
<testng-results skipped="0" failed="0" total="1" passed="1">
  <reporter-output>
  </reporter-output>
  <suite name="Surefire suite" duration-ms="18347" started-at="2016-03-02T17:23:54Z" finished-at="2016-03-02T17:24:13Z">
    <groups>
    </groups>
    <test name="Surefire test" duration-ms="18347" started-at="2016-03-02T17:23:54Z" finished-at="2016-03-02T17:24:13Z">
      <class name="my.supercompany.GoogleTest">
        <test-method status="PASS" signature="testSearchText()[pri:0, instance:my.supercompany.GoogleTest@6ea810]" name="testSearchText" duration-ms="15362" started-at="2016-03-02T19:23:55Z" finished-at="2016-03-02T19:24:10Z">
          <reporter-output>
          </reporter-output>
        </test-method> <!-- testSearchText -->
        <test-method status="PASS" signature="tearDown()[pri:0, instance:my.supercompany.GoogleTest@6ea810]" name="tearDown" is-config="true" duration-ms="2863" started-at="2016-03-02T19:24:10Z" finished-at="2016-03-02T19:24:13Z">
          <reporter-output>
          </reporter-output>
        </test-method> <!-- tearDown -->
      </class> <!-- my.supercompany.GoogleTest -->
    </test> <!-- Surefire test -->
  </suite> <!-- Surefire suite -->
</testng-results>
