<?xml version="1.0" encoding="UTF-8"?>
<testng-results skipped="0" failed="0" total="1" passed="1">
  <reporter-output>
  </reporter-output>
  <suite name="GooglePageTestSuite" duration-ms="8694" started-at="2016-03-02T20:41:14Z" finished-at="2016-03-02T20:41:23Z">
    <groups>
    </groups>
    <test name="GooglePageTest" duration-ms="8694" started-at="2016-03-02T20:41:14Z" finished-at="2016-03-02T20:41:23Z">
      <class name="my.supercompany.GoogleTest">
        <test-method status="PASS" signature="testSearchText()[pri:0, instance:my.supercompany.GoogleTest@1891008]" name="testSearchText" duration-ms="7761" started-at="2016-03-02T22:41:14Z" finished-at="2016-03-02T22:41:22Z">
          <reporter-output>
          </reporter-output>
        </test-method> <!-- testSearchText -->
        <test-method status="PASS" signature="tearDown()[pri:0, instance:my.supercompany.GoogleTest@1891008]" name="tearDown" is-config="true" duration-ms="877" started-at="2016-03-02T22:41:22Z" finished-at="2016-03-02T22:41:23Z">
          <reporter-output>
          </reporter-output>
        </test-method> <!-- tearDown -->
      </class> <!-- my.supercompany.GoogleTest -->
    </test> <!-- GooglePageTest -->
  </suite> <!-- GooglePageTestSuite -->
</testng-results>
